****************************************************************************************************                    
**          MIDAS/Gen V9.3.0 - Modeling, Integrated Design & Analysis Software                    **                    
**                         GENERAL STRUCTURE DESIGN SYSTEM FOR WINDOWS                            **                    
****************************************************************************************************                    
                                                                                                                        
                                   ....xxxxxxxx*********xxxxxxxx......                                                  
                               xXXXXXX***''               ```***XXXXXXXXXXx.                                            
                           XXXXXXX                                   ``*XXXXXXXx.                                       
         XXXXXXXXXX      XXXXXXX XX                                        `*XXXXXX.                                    
         XXXXXXXXXXX    XXXXXX XXXX                                           `*XXXXX                                   
         XXXXXXXXXXXX  XXXXXX XXXXX  XXXXX  XXXXXXXXXXx        XXXXX      .XXXX.`XXXXX                                  
         XXXXXXXXXXXX::XXXXX XXXXXX  XXXXX  XXXXXXXXXXXX      XXXXXXX    :XXXXXX: XXXXX                                 
         XXXXXX XXXXX XXXXX: XXXXXX  XXXXX  XXXXX   xXXXX    :XXXXXXX:   XXXX:     XXXXX                                
         XXXXXX  XXXX XXXXX  XXXXXX  XXXXX  XXXXX    XXXXX  :XXXX:XXXX   XXXXXXXXX:                                     
         XXXXXX  XXX XXXXX:  XXXXXX  XXXXX  XXXXX    :XXXX  XXXXX XXXXX   :XXXXXXXXXX                                   
         XXXXXX  :XX XXXXX   XXXXXX  XXXXX  XXXXX    :XXXX :XXXX: :XXXX:    `:XXXXXXXX:                                 
         XXXXXX   XX XXXXX   XXXXXX  XXXXX  XXXXX    XXXXX XXXXX   XXXXX XXXX     XXXXX                                 
         XXXXXX   XX XXXXX   XXXXXX  XXXXX  XXXXX   xXXXX XXXXX:   :XXXXX:XXXX   .XXXX                                  
         XXXXXX   :XXXXXXX   XXXXXX  XXXXX  XXXXXXXXXXXX :XXXX:     XXXXX XXXXXXXXXXX:                                  
         XXXXXX    XXXXXXX   XXXXXX  XXXXX  XXXXXXXXXXx  XXXXX      :XXXXX `XXXXXXX'     /GEN                           
                                                                                                                        
         ----------------- PC WINDOWS XP/VISTA/7/8/10  VERSION. V9.3.0 ------------------                               
                                                                                                                        
                  Copyright ¨Ï SINCE 1989 MIDAS Information Technology Co., Ltd.                                        
                           ALL RIGHTS RESERVED MIDAS IT Co., Ltd.                                                       
                                                                                                                        
****************************************************************************************************                    
  
  
 -----------------------------------------S T A R T I N G       S O L U T I O N

 MULTI-FRONTAL SOLVER
 AVAILABLE MEMORY =   11.1 GBYTES

 INTERNAL DATA REGENERATION ( ENTRY REGEN_MODEL )

**  MIDAS/Gen WINDOWS VERSION 9.3.0                                  DATE MAR/ 7/2023  TIME 12:11:36
**  Modeling, Integrated Design & Analysis Software              PC WINDOWS XP/VISTA/7/8/10 VERSION 
====================================================================================================
  
  
 N U M B E R I N G   E Q U A T I O N
 ===================================


 INFORMATION FOR EQUATION NUMBER
 -------------------------------

  SERIAL   NODE          EQUATION NUMBERS FOR EACH DEGREE OF FREEDOM
    NO.     NO.         X       Y        Z        XX       YY       ZZ
 -------  -------   -------- -------- -------- -------- -------- --------
      1        1           0        0        0        0        1        0
      2        2           2        0        3        0        4        0
      3        3           5        0        6        0        7        0
      4        4           8        0        9        0       10        0
      5        5          11        0       12        0       13        0
      6        6          14        0       15        0       16        0
      7        7          17        0       18        0       19        0
      8        8          20        0       21        0       22        0
      9        9          23        0       24        0       25        0
     10       10          26        0       27        0       28        0
     11       11          29        0       30        0       31        0
     12       12          32        0       33        0       34        0
     13       13          35        0       36        0       37        0
     14       14          38        0       39        0       40        0
     15       15          41        0       42        0       43        0
     16       16          44        0       45        0       46        0
     17       17          47        0       48        0       49        0
     18       18          50        0       51        0       52        0
     19       19          53        0       54        0       55        0
     20       20          56        0       57        0       58        0
     21       21          59        0       60        0       61        0
     22       22          62        0       63        0       64        0
     23       23          65        0       66        0       67        0
     24       24          68        0       69        0       70        0
     25       25          71        0       72        0       73        0
     26       26           0        0       74        0       75        0


 RIGID TYPE SPRING STIFFNESS       DIMENSION UNIT :  KN   , M   
 TRANSLATIONAL STIFFNESS :    6.4823804E+11
 ROTATIONAL    STIFFNESS :    6.4823804E+11


 EQUATION STATUS
 ---------------

 TOTAL NUMBER OF VALID DOFS IN MODEL ..........:      75
 NUMBER OF EQUATIONS IN A BLOCK ...............:      75
 NUMBER OF BLOCKS .............................:       1
 NUMBER OF INTERNAL LOADCASES .................:       7

**  MIDAS/Gen WINDOWS VERSION 9.3.0                                  DATE MAR/ 7/2023  TIME 12:11:36
**  Modeling, Integrated Design & Analysis Software              PC WINDOWS XP/VISTA/7/8/10 VERSION 
====================================================================================================
  
  


 S E T U P   E Q U A T I O N   P R O F I L E
 ===========================================


 THE TOTAL WEIGHT OF MODEL
 -------------------------

 TOTAL WEIGHT ...........:  1.42854E+02   KN  


 THE CENTER OF GRAVITY OF FINITE ELEMENT MODEL 
 ---------------------------------------------

 X-COORDINATE OF C.G ....:  1.12548E+01   M   
 Y-COORDINATE OF C.G ....:  3.31766E+00   M   
 Z-COORDINATE OF C.G ....:  5.92180E+00   M   

 STATIC ANALYSIS TIME LOG ( IN SECOND )
 --------------------------------------
 MULTI-FRONTAL SOLUTION .....................:     0.15
 DISPLACEMENT OUTPUT ........................:     0.03
 STRESS OUTPUT ..............................:     0.07
 TOTAL SOLUTION TIME (SUM OF THE ABOVE) .....:     0.25


**  MIDAS/Gen WINDOWS VERSION 9.3.0                                  DATE MAR/ 7/2023  TIME 12:11:37
**  Modeling, Integrated Design & Analysis Software              PC WINDOWS XP/VISTA/7/8/10 VERSION 
====================================================================================================
  
  


 =========================================================
 ** O V E R A L L   T I M E   L O G   I N   S E C O N D **
 =========================================================

  - INPUT DATA READING AND GENERATION ..........:     0.01
  - FORM ELEMENT STIFFNESS MATRICES ............:     0.03
  - FORM GLOBAL LOAD VECTOR ....................:     0.01
  - FORM TOTAL STIFFNESS MATRICES ..............:     0.01
  - P-DELTA ANALYSIS ...........................:     0.00
  - STATIC ANALYSIS ............................:     0.25
  - MOVING LOAD ANALYSIS .......................:     0.00
  - SETTLEMENT ANALYSIS ........................:     0.00
  - EIGENVALUE EXTRACTION ......................:     0.00
  - RESPONSE SPECTRUM ANALYSIS .................:     0.00
  - TIME HISTORY ANALYSIS ......................:     0.00
  - PRINT DYNAMIC INFORMATION OUTPUT ...........:     0.15
  - TOTAL ELAPSED TIME .........................:     0.45
