****************************************************************************************************                    
**          MIDAS/Gen V9.3.0 - Modeling, Integrated Design & Analysis Software                    **                    
**                         GENERAL STRUCTURE DESIGN SYSTEM FOR WINDOWS                            **                    
****************************************************************************************************                    
                                                                                                                        
                                   ....xxxxxxxx*********xxxxxxxx......                                                  
                               xXXXXXX***''               ```***XXXXXXXXXXx.                                            
                           XXXXXXX                                   ``*XXXXXXXx.                                       
         XXXXXXXXXX      XXXXXXX XX                                        `*XXXXXX.                                    
         XXXXXXXXXXX    XXXXXX XXXX                                           `*XXXXX                                   
         XXXXXXXXXXXX  XXXXXX XXXXX  XXXXX  XXXXXXXXXXx        XXXXX      .XXXX.`XXXXX                                  
         XXXXXXXXXXXX::XXXXX XXXXXX  XXXXX  XXXXXXXXXXXX      XXXXXXX    :XXXXXX: XXXXX                                 
         XXXXXX XXXXX XXXXX: XXXXXX  XXXXX  XXXXX   xXXXX    :XXXXXXX:   XXXX:     XXXXX                                
         XXXXXX  XXXX XXXXX  XXXXXX  XXXXX  XXXXX    XXXXX  :XXXX:XXXX   XXXXXXXXX:                                     
         XXXXXX  XXX XXXXX:  XXXXXX  XXXXX  XXXXX    :XXXX  XXXXX XXXXX   :XXXXXXXXXX                                   
         XXXXXX  :XX XXXXX   XXXXXX  XXXXX  XXXXX    :XXXX :XXXX: :XXXX:    `:XXXXXXXX:                                 
         XXXXXX   XX XXXXX   XXXXXX  XXXXX  XXXXX    XXXXX XXXXX   XXXXX XXXX     XXXXX                                 
         XXXXXX   XX XXXXX   XXXXXX  XXXXX  XXXXX   xXXXX XXXXX:   :XXXXX:XXXX   .XXXX                                  
         XXXXXX   :XXXXXXX   XXXXXX  XXXXX  XXXXXXXXXXXX :XXXX:     XXXXX XXXXXXXXXXX:                                  
         XXXXXX    XXXXXXX   XXXXXX  XXXXX  XXXXXXXXXXx  XXXXX      :XXXXX `XXXXXXX'     /GEN                           
                                                                                                                        
         ----------------- PC WINDOWS XP/VISTA/7/8/10  VERSION. V9.3.0 ------------------                               
                                                                                                                        
                  Copyright ¨Ï SINCE 1989 MIDAS Information Technology Co., Ltd.                                        
                           ALL RIGHTS RESERVED MIDAS IT Co., Ltd.                                                       
                                                                                                                        
****************************************************************************************************                    
  
  
 -----------------------------------------S T A R T I N G       S O L U T I O N

 MULTI-FRONTAL SOLVER
 AVAILABLE MEMORY =   11.2 GBYTES

 INTERNAL DATA REGENERATION ( ENTRY REGEN_MODEL )

**  MIDAS/Gen WINDOWS VERSION 9.3.0                                  DATE MAR/ 5/2023  TIME 12:33:59
**  Modeling, Integrated Design & Analysis Software              PC WINDOWS XP/VISTA/7/8/10 VERSION 
====================================================================================================
  
  
 N U M B E R I N G   E Q U A T I O N
 ===================================


 INFORMATION FOR EQUATION NUMBER
 -------------------------------

  SERIAL   NODE          EQUATION NUMBERS FOR EACH DEGREE OF FREEDOM
    NO.     NO.         X       Y        Z        XX       YY       ZZ
 -------  -------   -------- -------- -------- -------- -------- --------
      1        1           0        1        0        2        3        4
      2        2           5        6        0        7        8        9


 EQUATION STATUS
 ---------------

 TOTAL NUMBER OF VALID DOFS IN MODEL ..........:       9
 NUMBER OF EQUATIONS IN A BLOCK ...............:       9
 NUMBER OF BLOCKS .............................:       1
 NUMBER OF INTERNAL LOADCASES .................:       1

**  MIDAS/Gen WINDOWS VERSION 9.3.0                                  DATE MAR/ 5/2023  TIME 12:33:59
**  Modeling, Integrated Design & Analysis Software              PC WINDOWS XP/VISTA/7/8/10 VERSION 
====================================================================================================
  
  


 S E T U P   E Q U A T I O N   P R O F I L E
 ===========================================


 THE TOTAL WEIGHT OF MODEL
 -------------------------

 TOTAL WEIGHT ...........:  1.07140E+02   KN  


 THE CENTER OF GRAVITY OF FINITE ELEMENT MODEL 
 ---------------------------------------------

 X-COORDINATE OF C.G ....:  4.87000E+00   M   
 Y-COORDINATE OF C.G ....:  0.00000E+00   M   
 Z-COORDINATE OF C.G ....:  0.00000E+00   M   
 WARNING : NODE NO.      2  DY  DOF MAY BE SINGULAR.
 WARNING : EQUATION NO.         6
 WARNING : NODE NO.      1  RZ  DOF MAY BE SINGULAR.
 WARNING : EQUATION NO.         4
 WARNING : NODE NO.      1  RX  DOF MAY BE SINGULAR.
 WARNING : EQUATION NO.         2

 STATIC ANALYSIS TIME LOG ( IN SECOND )
 --------------------------------------
 MULTI-FRONTAL SOLUTION .....................:     0.17
 DISPLACEMENT OUTPUT ........................:     0.02
 STRESS OUTPUT ..............................:     0.07
 TOTAL SOLUTION TIME (SUM OF THE ABOVE) .....:     0.27


**  MIDAS/Gen WINDOWS VERSION 9.3.0                                  DATE MAR/ 5/2023  TIME 12:33:59
**  Modeling, Integrated Design & Analysis Software              PC WINDOWS XP/VISTA/7/8/10 VERSION 
====================================================================================================
  
  


 =========================================================
 ** O V E R A L L   T I M E   L O G   I N   S E C O N D **
 =========================================================

  - INPUT DATA READING AND GENERATION ..........:     0.00
  - FORM ELEMENT STIFFNESS MATRICES ............:     0.00
  - FORM GLOBAL LOAD VECTOR ....................:     0.01
  - FORM TOTAL STIFFNESS MATRICES ..............:     0.02
  - P-DELTA ANALYSIS ...........................:     0.00
  - STATIC ANALYSIS ............................:     0.27
  - MOVING LOAD ANALYSIS .......................:     0.00
  - SETTLEMENT ANALYSIS ........................:     0.00
  - EIGENVALUE EXTRACTION ......................:     0.00
  - RESPONSE SPECTRUM ANALYSIS .................:     0.00
  - TIME HISTORY ANALYSIS ......................:     0.00
  - PRINT DYNAMIC INFORMATION OUTPUT ...........:     0.15
  - TOTAL ELAPSED TIME .........................:     0.45
